<?xml version="1.0" encoding="UTF-8"?>
<!-- Generated by org.testng.reporters.JUnitXMLReporter -->
<testsuite ignored="0" hostname="NIVEDITHA" failures="0" tests="4" name="Default test" time="29.247" errors="0" timestamp="2026-02-17T16:02:15 IST">
  <testcase classname="SEL_TNG_PACKAGE.LoginTest" name="loginTest" time="9.943"/>
  <testcase classname="SEL_TNG_PACKAGE.LoginTest" name="loginTest" time="6.141"/>
  <testcase classname="SEL_TNG_PACKAGE.LoginTest" name="loginTest" time="5.69"/>
  <testcase classname="SEL_TNG_PACKAGE.LoginTest" name="loginTest" time="7.303"/>
</testsuite> <!-- Default test -->
