<?xml version="1.0" encoding="UTF-8"?>
<testng-results ignored="0" total="4" passed="4" failed="0" skipped="0">
  <reporter-output>
  </reporter-output>
  <suite started-at="2026-02-17T16:01:45 IST" name="Default suite" finished-at="2026-02-17T16:02:15 IST" duration-ms="29247">
    <groups>
    </groups>
    <test started-at="2026-02-17T16:01:45 IST" name="Default test" finished-at="2026-02-17T16:02:15 IST" duration-ms="29247">
      <class name="SEL_TNG_PACKAGE.LoginTest">
        <test-method signature="loginTest(java.lang.String,java.lang.String)[pri:0, instance:SEL_TNG_PACKAGE.LoginTest@54d9d12d]" started-at="2026-02-17T16:01:45 IST" name="loginTest" data-provider="loginData" finished-at="2026-02-17T16:01:55 IST" duration-ms="9943" status="PASS">
          <params>
            <param index="0">
              <value>
                <![CDATA[user1]]>
              </value>
            </param>
            <param index="1">
              <value>
                <![CDATA[pass1]]>
              </value>
            </param>
          </params>
          <reporter-output>
          </reporter-output>
        </test-method> <!-- loginTest -->
        <test-method signature="loginTest(java.lang.String,java.lang.String)[pri:0, instance:SEL_TNG_PACKAGE.LoginTest@54d9d12d]" started-at="2026-02-17T16:01:55 IST" name="loginTest" data-provider="loginData" finished-at="2026-02-17T16:02:02 IST" duration-ms="6141" status="PASS">
          <params>
            <param index="0">
              <value>
                <![CDATA[user2]]>
              </value>
            </param>
            <param index="1">
              <value>
                <![CDATA[pass2]]>
              </value>
            </param>
          </params>
          <reporter-output>
          </reporter-output>
        </test-method> <!-- loginTest -->
        <test-method signature="loginTest(java.lang.String,java.lang.String)[pri:0, instance:SEL_TNG_PACKAGE.LoginTest@54d9d12d]" started-at="2026-02-17T16:02:02 IST" name="loginTest" data-provider="loginData" finished-at="2026-02-17T16:02:07 IST" duration-ms="5690" status="PASS">
          <params>
            <param index="0">
              <value>
                <![CDATA[user3]]>
              </value>
            </param>
            <param index="1">
              <value>
                <![CDATA[pass3]]>
              </value>
            </param>
          </params>
          <reporter-output>
          </reporter-output>
        </test-method> <!-- loginTest -->
        <test-method signature="loginTest(java.lang.String,java.lang.String)[pri:0, instance:SEL_TNG_PACKAGE.LoginTest@54d9d12d]" started-at="2026-02-17T16:02:07 IST" name="loginTest" data-provider="loginData" finished-at="2026-02-17T16:02:15 IST" duration-ms="7303" status="PASS">
          <params>
            <param index="0">
              <value>
                <![CDATA[student]]>
              </value>
            </param>
            <param index="1">
              <value>
                <![CDATA[Password123]]>
              </value>
            </param>
          </params>
          <reporter-output>
          </reporter-output>
        </test-method> <!-- loginTest -->
      </class> <!-- SEL_TNG_PACKAGE.LoginTest -->
    </test> <!-- Default test -->
  </suite> <!-- Default suite -->
</testng-results>
