<?xml version="1.0" encoding="UTF-8"?>
<!-- Generated by org.testng.reporters.JUnitReportReporter -->
<testsuite hostname="NIVEDITHA" failures="0" tests="4" name="SEL_TNG_PACKAGE.LoginTest" time="29.077" errors="0" timestamp="2026-02-17T16:02:15 IST" skipped="0">
  <testcase classname="SEL_TNG_PACKAGE.LoginTest" name="loginTest" time="9.943"/>
  <testcase classname="SEL_TNG_PACKAGE.LoginTest" name="loginTest" time="6.141"/>
  <testcase classname="SEL_TNG_PACKAGE.LoginTest" name="loginTest" time="7.303"/>
  <testcase classname="SEL_TNG_PACKAGE.LoginTest" name="loginTest" time="5.690"/>
</testsuite> <!-- SEL_TNG_PACKAGE.LoginTest -->
